FTEQCC: 6082 (2021-10-12T04:42:07.737357Z)
Source file: progs.src
outputfile: progs.dat
progs.src:4: #message:  Targetting engines using QSG extensions (FTE/QSS/DP).
compiling fteextensions.qc
compiling defs.qc
compiling defs2.qc
compiling newflags.qc
compiling math.qc
compiling array.qc
compiling userdefs.qc
compiling strings.qc
compiling utils.qc
compiling motd.qc
compiling auto.qc
compiling debug.qc
compiling status.qc
compiling warp.qc
compiling angles.qc
compiling votemenu.qc
compiling server.qc
compiling ctf.qc
compiling arena.qc
compiling ca.qc
compiling wipeout.qc
compiling ra.qc
compiling airshot.qc
compiling dmm4.qc
compiling stats.qc
compiling teamplay.qc
compiling score.qc
compiling quaketv.qc
compiling observer.qc
compiling request.qc
compiling vote.qc
compiling match.qc
compiling votables.qc
compiling admin.qc
compiling keydata.qc
compiling customsounds.qc
compiling custom_mdls.qc
compiling items.qc
compiling json.qc
compiling console.qc
compiling config.qc
compiling options.qc
compiling subs.qc
compiling combat.qc
compiling ident.qc
compiling hook2.qc
compiling weapons.qc
compiling world.qc
compiling client.qc
compiling player.qc
compiling monsters.qc
compiling keylock.qc
compiling doors.qc
compiling buttons.qc
compiling triggers.qc
compiling plats.qc
compiling misc.qc
compiling fnstrings.qc
compiling hook.qc
compiling dtmisc.qc
compiling misc_model.qc
compiling rubicon2.qc
compiling rotate.qc
compiling func_bob.qc
Compile finished: progs.dat (id format)
Done. 0 warnings
-------------------------------------
Source file: csprogs.src
outputfile: csprogs.dat
compiling ./qsextensions.qc
compiling csqc_hud_vanilla.qc
Compile finished: csprogs.dat (id format)
Done. 0 warnings
